<?xml version="1.0" encoding="UTF-8"?>
<!-- Generated by org.testng.reporters.JUnitReportReporter -->
<testsuite hostname="admins-iMac.broadband" failures="0" tests="1" name="script.TestCase1" time="24.228" errors="0" timestamp="2022-09-09T17:38:58 BST" skipped="0">
  <testcase classname="script.TestCase1" name="tc1" time="24.228"/>
  <system-out/>
</testsuite> <!-- script.TestCase1 -->
