<?xml version="1.0" encoding="UTF-8"?>
<!-- Generated by org.testng.reporters.JUnitReportReporter -->
<testsuite hostname="admins-iMac.broadband" failures="0" tests="1" name="script.TestCase3" time="38.011" errors="0" timestamp="2022-09-11T13:05:26 BST" skipped="0">
  <testcase classname="script.TestCase3" name="tc3" time="38.011"/>
  <system-out/>
</testsuite> <!-- script.TestCase3 -->
