<?xml version="1.0" encoding="UTF-8"?>
<!-- Generated by org.testng.reporters.JUnitReportReporter -->
<testsuite hostname="admins-iMac.broadband" failures="0" tests="1" name="script.TestCase3" time="47.348" errors="0" timestamp="2022-09-10T21:19:52 BST" skipped="0">
  <testcase classname="script.TestCase3" name="tc3" time="47.348"/>
  <system-out/>
</testsuite> <!-- script.TestCase3 -->
